<?xml version="1.0" encoding="UTF-8"?>
<testsuite xmlns:xsi="http://www.w3.org/2001/XMLSchema-instance" xsi:noNamespaceSchemaLocation="https://maven.apache.org/surefire/maven-surefire-plugin/xsd/surefire-test-report-3.0.xsd" version="3.0" name="com.ejercicio.CarritoServiceTest" time="0.278" tests="14" errors="0" skipped="0" failures="5">
  <properties>
[...]
</properties>
  <testcase name="totalSinDescuento" classname="com.ejercicio.CarritoServiceTest" time="0.103"/>
  <testcase name="totalConDescuento" classname="com.ejercicio.CarritoServiceTest" time="0.047">
    <failure message="expected: &lt;90.0&gt; but was: &lt;95.0&gt;" type="org.opentest4j.AssertionFailedError"><![CDATA[org.opentest4j.AssertionFailedError: expected: <90.0> but was: <95.0>
	at org.junit.jupiter.api.AssertionFailureBuilder.build(AssertionFailureBuilder.java:151)
	at org.junit.jupiter.api.AssertionFailureBuilder.buildAndThrow(AssertionFailureBuilder.java:132)
	at org.junit.jupiter.api.AssertEquals.failNotEqual(AssertEquals.java:197)
	at org.junit.jupiter.api.AssertEquals.assertEquals(AssertEquals.java:70)
	at org.junit.jupiter.api.AssertEquals.assertEquals(AssertEquals.java:65)
	at org.junit.jupiter.api.Assertions.assertEquals(Assertions.java:889)
	at com.ejercicio.CarritoServiceTest.totalConDescuento(CarritoServiceTest.java:120)
	at java.base/java.lang.reflect.Method.invoke(Method.java:569)
	at java.base/java.util.ArrayList.forEach(ArrayList.java:1511)
	at java.base/java.util.ArrayList.forEach(ArrayList.java:1511)
]]></failure>
  </testcase>
  <testcase name="totalConEnvioGratis" classname="com.ejercicio.CarritoServiceTest" time="0.001"/>
  <testcase name="descuentoCero" classname="com.ejercicio.CarritoServiceTest" time="0.003"/>
  <testcase name="subtotalConVariosProductos" classname="com.ejercicio.CarritoServiceTest" time="0.003">
    <failure message="expected: &lt;70.0&gt; but was: &lt;40.0&gt;" type="org.opentest4j.AssertionFailedError"><![CDATA[org.opentest4j.AssertionFailedError: expected: <70.0> but was: <40.0>
	at org.junit.jupiter.api.AssertionFailureBuilder.build(AssertionFailureBuilder.java:151)
	at org.junit.jupiter.api.AssertionFailureBuilder.buildAndThrow(AssertionFailureBuilder.java:132)
	at org.junit.jupiter.api.AssertEquals.failNotEqual(AssertEquals.java:197)
	at org.junit.jupiter.api.AssertEquals.assertEquals(AssertEquals.java:70)
	at org.junit.jupiter.api.AssertEquals.assertEquals(AssertEquals.java:65)
	at org.junit.jupiter.api.Assertions.assertEquals(Assertions.java:889)
	at com.ejercicio.CarritoServiceTest.subtotalConVariosProductos(CarritoServiceTest.java:22)
	at java.base/java.lang.reflect.Method.invoke(Method.java:569)
	at java.base/java.util.ArrayList.forEach(ArrayList.java:1511)
	at java.base/java.util.ArrayList.forEach(ArrayList.java:1511)
]]></failure>
  </testcase>
  <testcase name="envioMenorQue100" classname="com.ejercicio.CarritoServiceTest" time="0.001"/>
  <testcase name="envioIgualA100" classname="com.ejercicio.CarritoServiceTest" time="0.002">
    <failure message="expected: &lt;0.0&gt; but was: &lt;5.0&gt;" type="org.opentest4j.AssertionFailedError"><![CDATA[org.opentest4j.AssertionFailedError: expected: <0.0> but was: <5.0>
	at org.junit.jupiter.api.AssertionFailureBuilder.build(AssertionFailureBuilder.java:151)
	at org.junit.jupiter.api.AssertionFailureBuilder.buildAndThrow(AssertionFailureBuilder.java:132)
	at org.junit.jupiter.api.AssertEquals.failNotEqual(AssertEquals.java:197)
	at org.junit.jupiter.api.AssertEquals.assertEquals(AssertEquals.java:70)
	at org.junit.jupiter.api.AssertEquals.assertEquals(AssertEquals.java:65)
	at org.junit.jupiter.api.Assertions.assertEquals(Assertions.java:889)
	at com.ejercicio.CarritoServiceTest.envioIgualA100(CarritoServiceTest.java:91)
	at java.base/java.lang.reflect.Method.invoke(Method.java:569)
	at java.base/java.util.ArrayList.forEach(ArrayList.java:1511)
	at java.base/java.util.ArrayList.forEach(ArrayList.java:1511)
]]></failure>
  </testcase>
  <testcase name="descuentoValido" classname="com.ejercicio.CarritoServiceTest" time="0.002"/>
  <testcase name="subtotalCarritoVacio" classname="com.ejercicio.CarritoServiceTest" time="0.001"/>
  <testcase name="subtotalConUnProducto" classname="com.ejercicio.CarritoServiceTest" time="0.005"/>
  <testcase name="descuentoMayorQueCien" classname="com.ejercicio.CarritoServiceTest" time="0.007">
    <failure message="Expected java.lang.IllegalArgumentException to be thrown, but nothing was thrown." type="org.opentest4j.AssertionFailedError"><![CDATA[org.opentest4j.AssertionFailedError: Expected java.lang.IllegalArgumentException to be thrown, but nothing was thrown.
	at org.junit.jupiter.api.AssertionFailureBuilder.build(AssertionFailureBuilder.java:152)
	at org.junit.jupiter.api.AssertThrows.assertThrows(AssertThrows.java:73)
	at org.junit.jupiter.api.AssertThrows.assertThrows(AssertThrows.java:35)
	at org.junit.jupiter.api.Assertions.assertThrows(Assertions.java:3115)
	at com.ejercicio.CarritoServiceTest.descuentoMayorQueCien(CarritoServiceTest.java:75)
	at java.base/java.lang.reflect.Method.invoke(Method.java:569)
	at java.base/java.util.ArrayList.forEach(ArrayList.java:1511)
	at java.base/java.util.ArrayList.forEach(ArrayList.java:1511)
]]></failure>
  </testcase>
  <testcase name="descuentoCienPorciento" classname="com.ejercicio.CarritoServiceTest" time="0.002"/>
  <testcase name="descuentoNegativo" classname="com.ejercicio.CarritoServiceTest" time="0.003">
    <failure message="Expected java.lang.IllegalArgumentException to be thrown, but nothing was thrown." type="org.opentest4j.AssertionFailedError"><![CDATA[org.opentest4j.AssertionFailedError: Expected java.lang.IllegalArgumentException to be thrown, but nothing was thrown.
	at org.junit.jupiter.api.AssertionFailureBuilder.build(AssertionFailureBuilder.java:152)
	at org.junit.jupiter.api.AssertThrows.assertThrows(AssertThrows.java:73)
	at org.junit.jupiter.api.AssertThrows.assertThrows(AssertThrows.java:35)
	at org.junit.jupiter.api.Assertions.assertThrows(Assertions.java:3115)
	at com.ejercicio.CarritoServiceTest.descuentoNegativo(CarritoServiceTest.java:68)
	at java.base/java.lang.reflect.Method.invoke(Method.java:569)
	at java.base/java.util.ArrayList.forEach(ArrayList.java:1511)
	at java.base/java.util.ArrayList.forEach(ArrayList.java:1511)
]]></failure>
  </testcase>
  <testcase name="envioMayorQue100" classname="com.ejercicio.CarritoServiceTest" time="0.002"/>
</testsuite>